Log file open, 03/25/20 10:25:58
LogWindows: Failed to load 'aqProf.dll' (GetLastError=126)
LogWindows: File 'aqProf.dll' does not exist
LogWindows: Failed to load 'VtuneApi.dll' (GetLastError=126)
LogWindows: File 'VtuneApi.dll' does not exist
LogWindows: Failed to load 'VtuneApi32e.dll' (GetLastError=126)
LogWindows: File 'VtuneApi32e.dll' does not exist
LogConsoleResponse: Display: Failed to find resolution value strings in scalability ini. Falling back to default.
LogInit: Display: Running engine for game: FPS_AdaptiveAI_SP
LogPlatformFile: Not using cached read wrapper
LogTaskGraph: Started task graph with 5 named threads and 35 total threads with 3 sets of task threads.
LogStats: Stats thread started at 0.139047
LogD3D11RHI: Loaded GFSDK_Aftermath_Lib.x64.dll
LogICUInternationalization: ICU TimeZone Detection - Raw Offset: -5:00, Platform Override: ''
LogPluginManager: Mounting plugin Paper2D
LogPluginManager: Mounting plugin AISupport
LogPluginManager: Mounting plugin LightPropagationVolume
LogPluginManager: Mounting plugin ActorLayerUtilities
LogPluginManager: Mounting plugin AnimationSharing
LogPluginManager: Mounting plugin CLionSourceCodeAccess
LogPluginManager: Mounting plugin CodeLiteSourceCodeAccess
LogPluginManager: Mounting plugin GitSourceControl
LogPluginManager: Mounting plugin KDevelopSourceCodeAccess
LogPluginManager: Mounting plugin NullSourceCodeAccess
LogPluginManager: Mounting plugin PerforceSourceControl
LogPluginManager: Mounting plugin SubversionSourceControl
LogPluginManager: Mounting plugin UObjectPlugin
LogPluginManager: Mounting plugin VisualStudioCodeSourceCodeAccess
LogPluginManager: Mounting plugin VisualStudioSourceCodeAccess
LogPluginManager: Mounting plugin XCodeSourceCodeAccess
LogPluginManager: Mounting plugin AssetManagerEditor
LogPluginManager: Mounting plugin CryptoKeys
LogPluginManager: Mounting plugin CurveEditorTools
LogPluginManager: Mounting plugin DataValidation
LogPluginManager: Mounting plugin FacialAnimation
LogPluginManager: Mounting plugin GameplayTagsEditor
LogPluginManager: Mounting plugin MacGraphicsSwitching
LogPluginManager: Mounting plugin MaterialAnalyzer
LogPluginManager: Mounting plugin MobileLauncherProfileWizard
LogPluginManager: Mounting plugin PluginBrowser
LogPluginManager: Mounting plugin SpeedTreeImporter
LogPluginManager: Mounting plugin DatasmithContent
LogPluginManager: Mounting plugin VariantManagerContent
LogPluginManager: Mounting plugin AlembicImporter
LogPluginManager: Mounting plugin AutomationUtils
LogPluginManager: Mounting plugin BackChannel
LogPluginManager: Mounting plugin CharacterAI
LogPluginManager: Mounting plugin GeometryCache
LogPluginManager: Mounting plugin HTML5Networking
LogPluginManager: Mounting plugin PlatformCrypto
LogPluginManager: Mounting plugin ProxyLODPlugin
LogPluginManager: Mounting plugin SkeletalReduction
LogPluginManager: Mounting plugin MagicLeap
LogPluginManager: Mounting plugin MagicLeapMedia
LogPluginManager: Mounting plugin AndroidMedia
LogPluginManager: Mounting plugin AvfMedia
LogPluginManager: Mounting plugin ImgMedia
LogPluginManager: Mounting plugin MediaCompositing
LogPluginManager: Mounting plugin MediaPlayerEditor
LogPluginManager: Mounting plugin WebMMedia
LogPluginManager: Mounting plugin WmfMedia
LogPluginManager: Mounting plugin TcpMessaging
LogPluginManager: Mounting plugin UdpMessaging
LogPluginManager: Mounting plugin ActorSequence
LogPluginManager: Mounting plugin LevelSequenceEditor
LogPluginManager: Mounting plugin MatineeToLevelSequence
LogPluginManager: Mounting plugin NetcodeUnitTest
LogPluginManager: Mounting plugin NUTUnrealEngine4
LogPluginManager: Mounting plugin OnlineSubsystemGooglePlay
LogPluginManager: Mounting plugin OnlineSubsystemIOS
LogPluginManager: Mounting plugin OnlineSubsystem
LogPluginManager: Mounting plugin OnlineSubsystemNull
LogPluginManager: Mounting plugin OnlineSubsystemUtils
LogPluginManager: Mounting plugin LauncherChunkInstaller
LogPluginManager: Mounting plugin AndroidDeviceProfileSelector
LogPluginManager: Mounting plugin AndroidMoviePlayer
LogPluginManager: Mounting plugin AndroidPermission
LogPluginManager: Mounting plugin AppleImageUtils
LogPluginManager: Mounting plugin AppleMoviePlayer
LogPluginManager: Mounting plugin ArchVisCharacter
LogPluginManager: Mounting plugin AudioCapture
LogPluginManager: Mounting plugin CableComponent
LogPluginManager: Mounting plugin CustomMeshComponent
LogPluginManager: Mounting plugin EditableMesh
LogPluginManager: Mounting plugin ExampleDeviceProfileSelector
LogPluginManager: Mounting plugin GoogleCloudMessaging
LogPluginManager: Mounting plugin IOSDeviceProfileSelector
LogPluginManager: Mounting plugin LinuxDeviceProfileSelector
LogPluginManager: Mounting plugin LocationServicesBPLibrary
LogPluginManager: Mounting plugin MobilePatchingUtils
LogPluginManager: Mounting plugin OculusVR
LogPluginManager: Mounting plugin PhysXVehicles
LogPluginManager: Mounting plugin ProceduralMeshComponent
LogPluginManager: Mounting plugin RuntimePhysXCooking
LogPluginManager: Mounting plugin SignificanceManager
LogPluginManager: Mounting plugin SteamVR
LogPluginManager: Mounting plugin WebMMoviePlayer
LogPluginManager: Mounting plugin WindowsMoviePlayer
LogPluginManager: Mounting plugin ScreenshotTools
LogInit: Using libcurl 7.55.1-DEV
LogInit:  - built for x86_64-pc-win32
LogInit:  - supports SSL with OpenSSL/1.1.1
LogInit:  - supports HTTP deflate (compression) using libz 1.2.8
LogInit:  - other features:
LogInit:      CURL_VERSION_SSL
LogInit:      CURL_VERSION_LIBZ
LogInit:      CURL_VERSION_IPV6
LogInit:      CURL_VERSION_ASYNCHDNS
LogInit:      CURL_VERSION_LARGEFILE
LogInit:      CURL_VERSION_IDN
LogInit:  CurlRequestOptions (configurable via config and command line):
LogInit:  - bVerifyPeer = true  - Libcurl will verify peer certificate
LogInit:  - bUseHttpProxy = false  - Libcurl will NOT use HTTP proxy
LogInit:  - bDontReuseConnections = false  - Libcurl will reuse connections
LogInit:  - MaxHostConnections = 16  - Libcurl will limit the number of connections to a host
LogInit:  - LocalHostAddr = Default
LogInit:  - BufferSize = 65536
LogOnline: OSS: Creating online subsystem instance for: NULL
LogInit: WinSock: version 1.1 (2.2), MaxSocks=32767, MaxUdp=65467
LogInit: Build: ++UE4+Release-4.23-CL-9631420
LogInit: Engine Version: 4.23.1-9631420+++UE4+Release-4.23
LogInit: Compatible Engine Version: 4.23.0-8386587+++UE4+Release-4.23
LogInit: Net CL: 8386587
LogInit: OS: Windows 10 (Release 1909) (), CPU: AMD Ryzen 5 2600X Six-Core Processor           , GPU: NVIDIA GeForce GTX 1080
LogInit: Compiled (64-bit): Oct 18 2019 02:07:44
LogInit: Compiled with Visual C++: 19.16.27030.01
LogInit: Build Configuration: Development
LogInit: Branch Name: ++UE4+Release-4.23
LogInit: Command Line: 
LogInit: Base Directory: C:/Program Files/Epic Games/UE_4.23/Engine/Binaries/Win64/
LogInit: Installed Engine Build: 1
LogDevObjectVersion: Number of dev versions registered: 23
LogDevObjectVersion:   Dev-Blueprints (B0D832E4-1F89-4F0D-ACCF-7EB736FD4AA2): 10
LogDevObjectVersion:   Dev-Build (E1C64328-A22C-4D53-A36C-8E866417BD8C): 0
LogDevObjectVersion:   Dev-Core (375EC13C-06E4-48FB-B500-84F0262A717E): 3
LogDevObjectVersion:   Dev-Editor (E4B068ED-F494-42E9-A231-DA0B2E46BB41): 34
LogDevObjectVersion:   Dev-Framework (CFFC743F-43B0-4480-9391-14DF171D2073): 35
LogDevObjectVersion:   Dev-Mobile (B02B49B5-BB20-44E9-A304-32B752E40360): 2
LogDevObjectVersion:   Dev-Networking (A4E4105C-59A1-49B5-A7C5-40C4547EDFEE): 0
LogDevObjectVersion:   Dev-Online (39C831C9-5AE6-47DC-9A44-9C173E1C8E7C): 0
LogDevObjectVersion:   Dev-Physics (78F01B33-EBEA-4F98-B9B4-84EACCB95AA2): 0
LogDevObjectVersion:   Dev-Platform (6631380F-2D4D-43E0-8009-CF276956A95A): 0
LogDevObjectVersion:   Dev-Rendering (12F88B9F-8875-4AFC-A67C-D90C383ABD29): 31
LogDevObjectVersion:   Dev-Sequencer (7B5AE74C-D270-4C10-A958-57980B212A5A): 11
LogDevObjectVersion:   Dev-VR (D7296918-1DD6-4BDD-9DE2-64A83CC13884): 2
LogDevObjectVersion:   Dev-LoadTimes (C2A15278-BFE7-4AFE-6C17-90FF531DF755): 1
LogDevObjectVersion:   Private-Geometry (6EACA3D4-40EC-4CC1-B786-8BED09428FC5): 3
LogDevObjectVersion:   Dev-AnimPhys (29E575DD-E0A3-4627-9D10-D276232CDCEA): 17
LogDevObjectVersion:   Dev-Anim (AF43A65D-7FD3-4947-9873-3E8ED9C1BB05): 2
LogDevObjectVersion:   Dev-ReflectionCapture (6B266CEC-1EC7-4B8F-A30B-E4D90942FC07): 1
LogDevObjectVersion:   Dev-Automation (0DF73D61-A23F-47EA-B727-89E90C41499A): 1
LogDevObjectVersion:   FortniteMain (601D1886-AC64-4F84-AA16-D3DE0DEAC7D6): 27
LogDevObjectVersion:   Dev-Enterprise (9DFFBCD6-494F-0158-E221-12823C92A888): 6
LogDevObjectVersion:   Dev-Niagara (F2AED0AC-9AFE-416F-8664-AA7FFA26D6FC): 1
LogDevObjectVersion:   Dev-Destruction (174F1F0B-B4C6-45A5-B13F-2EE8D0FB917D): 9
LogInit: Presizing for max 16777216 objects, including 0 objects not considered by GC, pre-allocating 0 bytes for permanent pool.
LogInit: Object subsystem initialized
LogConfig: Setting CVar [[con.DebugEarlyDefault:1]]
LogConfig: Setting CVar [[r.setres:1280x720]]
[2020.03.25-14.25.58:716][  0]LogConfig: Setting CVar [[r.VSync:0]]
[2020.03.25-14.25.58:716][  0]LogConfig: Setting CVar [[r.RHICmdBypass:0]]
[2020.03.25-14.25.58:716][  0]LogConfig: Applying CVar settings from Section [/Script/Engine.RendererSettings] File [C:/Users/Spencer/Documents/Unreal Projects/FPS_AdaptiveAI_SP/Saved/Config/Windows/Engine.ini]
[2020.03.25-14.25.58:716][  0]LogConfig: Setting CVar [[r.GPUCrashDebugging:0]]
[2020.03.25-14.25.58:716][  0]LogConfig: Applying CVar settings from Section [/Script/Engine.RendererOverrideSettings] File [C:/Users/Spencer/Documents/Unreal Projects/FPS_AdaptiveAI_SP/Saved/Config/Windows/Engine.ini]
[2020.03.25-14.25.58:716][  0]LogConfig: Applying CVar settings from Section [/Script/Engine.StreamingSettings] File [C:/Users/Spencer/Documents/Unreal Projects/FPS_AdaptiveAI_SP/Saved/Config/Windows/Engine.ini]
[2020.03.25-14.25.58:716][  0]LogConfig: Setting CVar [[s.MinBulkDataSizeForAsyncLoading:131072]]
[2020.03.25-14.25.58:716][  0]LogConfig: Setting CVar [[s.AsyncLoadingThreadEnabled:0]]
[2020.03.25-14.25.58:716][  0]LogConfig: Setting CVar [[s.EventDrivenLoaderEnabled:1]]
[2020.03.25-14.25.58:716][  0]LogConfig: Setting CVar [[s.WarnIfTimeLimitExceeded:0]]
[2020.03.25-14.25.58:716][  0]LogConfig: Setting CVar [[s.TimeLimitExceededMultiplier:1.5]]
[2020.03.25-14.25.58:716][  0]LogConfig: Setting CVar [[s.TimeLimitExceededMinTime:0.005]]
[2020.03.25-14.25.58:716][  0]LogConfig: Setting CVar [[s.UseBackgroundLevelStreaming:1]]
[2020.03.25-14.25.58:716][  0]LogConfig: Setting CVar [[s.PriorityAsyncLoadingExtraTime:15.0]]
[2020.03.25-14.25.58:716][  0]LogConfig: Setting CVar [[s.LevelStreamingActorsUpdateTimeLimit:5.0]]
[2020.03.25-14.25.58:716][  0]LogConfig: Setting CVar [[s.PriorityLevelStreamingActorsUpdateExtraTime:5.0]]
[2020.03.25-14.25.58:716][  0]LogConfig: Setting CVar [[s.LevelStreamingComponentsRegistrationGranularity:10]]
[2020.03.25-14.25.58:716][  0]LogConfig: Setting CVar [[s.UnregisterComponentsTimeLimit:1.0]]
[2020.03.25-14.25.58:716][  0]LogConfig: Setting CVar [[s.LevelStreamingComponentsUnregistrationGranularity:5]]
[2020.03.25-14.25.58:716][  0]LogConfig: Applying CVar settings from Section [/Script/Engine.GarbageCollectionSettings] File [C:/Users/Spencer/Documents/Unreal Projects/FPS_AdaptiveAI_SP/Saved/Config/Windows/Engine.ini]
[2020.03.25-14.25.58:716][  0]LogConfig: Setting CVar [[gc.MaxObjectsNotConsideredByGC:1]]
[2020.03.25-14.25.58:716][  0]LogConfig: Setting CVar [[gc.SizeOfPermanentObjectPool:0]]
[2020.03.25-14.25.58:716][  0]LogConfig: Setting CVar [[gc.FlushStreamingOnGC:0]]
[2020.03.25-14.25.58:716][  0]LogConfig: Setting CVar [[gc.NumRetriesBeforeForcingGC:10]]
[2020.03.25-14.25.58:716][  0]LogConfig: Setting CVar [[gc.AllowParallelGC:1]]
[2020.03.25-14.25.58:716][  0]LogConfig: Setting CVar [[gc.TimeBetweenPurgingPendingKillObjects:61.1]]
[2020.03.25-14.25.58:716][  0]LogConfig: Setting CVar [[gc.MaxObjectsInEditor:16777216]]
[2020.03.25-14.25.58:716][  0]LogConfig: Setting CVar [[gc.IncrementalBeginDestroyEnabled:1]]
[2020.03.25-14.25.58:716][  0]LogConfig: Setting CVar [[gc.CreateGCClusters:1]]
[2020.03.25-14.25.58:716][  0]LogConfig: Setting CVar [[gc.MinGCClusterSize:5]]
[2020.03.25-14.25.58:716][  0]LogConfig: Setting CVar [[gc.ActorClusteringEnabled:0]]
[2020.03.25-14.25.58:716][  0]LogConfig: Setting CVar [[gc.BlueprintClusteringEnabled:0]]
[2020.03.25-14.25.58:716][  0]LogConfig: Setting CVar [[gc.UseDisregardForGCOnDedicatedServers:0]]
[2020.03.25-14.25.58:716][  0]LogConfig: Applying CVar settings from Section [/Script/Engine.NetworkSettings] File [C:/Users/Spencer/Documents/Unreal Projects/FPS_AdaptiveAI_SP/Saved/Config/Windows/Engine.ini]
[2020.03.25-14.25.58:716][  0]LogConfig: Applying CVar settings from Section [/Script/UnrealEd.CookerSettings] File [C:/Users/Spencer/Documents/Unreal Projects/FPS_AdaptiveAI_SP/Saved/Config/Windows/Engine.ini]
[2020.03.25-14.25.58:719][  0]LogConfig: Applying CVar settings from Section [ViewDistanceQuality@3] File [C:/Users/Spencer/Documents/Unreal Projects/FPS_AdaptiveAI_SP/Saved/Config/Windows/Scalability.ini]
[2020.03.25-14.25.58:719][  0]LogConfig: Setting CVar [[r.SkeletalMeshLODBias:0]]
[2020.03.25-14.25.58:719][  0]LogConfig: Setting CVar [[r.ViewDistanceScale:1.0]]
[2020.03.25-14.25.58:719][  0]LogConfig: Applying CVar settings from Section [AntiAliasingQuality@3] File [C:/Users/Spencer/Documents/Unreal Projects/FPS_AdaptiveAI_SP/Saved/Config/Windows/Scalability.ini]
[2020.03.25-14.25.58:719][  0]LogConfig: Setting CVar [[r.PostProcessAAQuality:4]]
[2020.03.25-14.25.58:719][  0]LogConfig: Applying CVar settings from Section [ShadowQuality@3] File [C:/Users/Spencer/Documents/Unreal Projects/FPS_AdaptiveAI_SP/Saved/Config/Windows/Scalability.ini]
[2020.03.25-14.25.58:719][  0]LogConfig: Setting CVar [[r.LightFunctionQuality:1]]
[2020.03.25-14.25.58:719][  0]LogConfig: Setting CVar [[r.ShadowQuality:5]]
[2020.03.25-14.25.58:719][  0]LogConfig: Setting CVar [[r.Shadow.CSM.MaxCascades:10]]
[2020.03.25-14.25.58:719][  0]LogConfig: Setting CVar [[r.Shadow.MaxResolution:2048]]
[2020.03.25-14.25.58:719][  0]LogConfig: Setting CVar [[r.Shadow.MaxCSMResolution:2048]]
[2020.03.25-14.25.58:719][  0]LogConfig: Setting CVar [[r.Shadow.RadiusThreshold:0.01]]
[2020.03.25-14.25.58:719][  0]LogConfig: Setting CVar [[r.Shadow.DistanceScale:1.0]]
[2020.03.25-14.25.58:719][  0]LogConfig: Setting CVar [[r.Shadow.CSM.TransitionScale:1.0]]
[2020.03.25-14.25.58:719][  0]LogConfig: Setting CVar [[r.Shadow.PreShadowResolutionFactor:1.0]]
[2020.03.25-14.25.58:719][  0]LogConfig: Setting CVar [[r.DistanceFieldShadowing:1]]
[2020.03.25-14.25.58:719][  0]LogConfig: Setting CVar [[r.DistanceFieldAO:1]]
[2020.03.25-14.25.58:719][  0]LogConfig: Setting CVar [[r.AOQuality:2]]
[2020.03.25-14.25.58:719][  0]LogConfig: Setting CVar [[r.VolumetricFog:1]]
[2020.03.25-14.25.58:719][  0]LogConfig: Setting CVar [[r.VolumetricFog.GridPixelSize:8]]
[2020.03.25-14.25.58:719][  0]LogConfig: Setting CVar [[r.VolumetricFog.GridSizeZ:128]]
[2020.03.25-14.25.58:719][  0]LogConfig: Setting CVar [[r.VolumetricFog.HistoryMissSupersampleCount:4]]
[2020.03.25-14.25.58:719][  0]LogConfig: Setting CVar [[r.LightMaxDrawDistanceScale:1]]
[2020.03.25-14.25.58:719][  0]LogConfig: Setting CVar [[r.CapsuleShadows:1]]
[2020.03.25-14.25.58:719][  0]LogConfig: Applying CVar settings from Section [PostProcessQuality@3] File [C:/Users/Spencer/Documents/Unreal Projects/FPS_AdaptiveAI_SP/Saved/Config/Windows/Scalability.ini]
[2020.03.25-14.25.58:720][  0]LogConfig: Setting CVar [[r.MotionBlurQuality:4]]
[2020.03.25-14.25.58:720][  0]LogConfig: Setting CVar [[r.AmbientOcclusionMipLevelFactor:0.4]]
[2020.03.25-14.25.58:720][  0]LogConfig: Setting CVar [[r.AmbientOcclusionMaxQuality:100]]
[2020.03.25-14.25.58:720][  0]LogConfig: Setting CVar [[r.AmbientOcclusionLevels:-1]]
[2020.03.25-14.25.58:720][  0]LogConfig: Setting CVar [[r.AmbientOcclusionRadiusScale:1.0]]
[2020.03.25-14.25.58:720][  0]LogConfig: Setting CVar [[r.DepthOfFieldQuality:2]]
[2020.03.25-14.25.58:720][  0]LogConfig: Setting CVar [[r.RenderTargetPoolMin:400]]
[2020.03.25-14.25.58:720][  0]LogConfig: Setting CVar [[r.LensFlareQuality:2]]
[2020.03.25-14.25.58:720][  0]LogConfig: Setting CVar [[r.SceneColorFringeQuality:1]]
[2020.03.25-14.25.58:720][  0]LogConfig: Setting CVar [[r.EyeAdaptationQuality:2]]
[2020.03.25-14.25.58:720][  0]LogConfig: Setting CVar [[r.BloomQuality:5]]
[2020.03.25-14.25.58:720][  0]LogConfig: Setting CVar [[r.FastBlurThreshold:100]]
[2020.03.25-14.25.58:720][  0]LogConfig: Setting CVar [[r.Upscale.Quality:3]]
[2020.03.25-14.25.58:720][  0]LogConfig: Setting CVar [[r.Tonemapper.GrainQuantization:1]]
[2020.03.25-14.25.58:720][  0]LogConfig: Setting CVar [[r.LightShaftQuality:1]]
[2020.03.25-14.25.58:720][  0]LogConfig: Setting CVar [[r.Filter.SizeScale:1]]
[2020.03.25-14.25.58:720][  0]LogConfig: Setting CVar [[r.Tonemapper.Quality:5]]
[2020.03.25-14.25.58:720][  0]LogConfig: Setting CVar [[r.DOF.Gather.AccumulatorQuality:1        ; higher gathering accumulator quality]]
[2020.03.25-14.25.58:720][  0]LogConfig: Setting CVar [[r.DOF.Gather.PostfilterMethod:1          ; Median3x3 postfilering method]]
[2020.03.25-14.25.58:720][  0]LogConfig: Setting CVar [[r.DOF.Gather.EnableBokehSettings:0       ; no bokeh simulation when gathering]]
[2020.03.25-14.25.58:720][  0]LogConfig: Setting CVar [[r.DOF.Gather.RingCount:4                 ; medium number of samples when gathering]]
[2020.03.25-14.25.58:720][  0]LogConfig: Setting CVar [[r.DOF.Scatter.ForegroundCompositing:1    ; additive foreground scattering]]
[2020.03.25-14.25.58:720][  0]LogConfig: Setting CVar [[r.DOF.Scatter.BackgroundCompositing:2    ; additive background scattering]]
[2020.03.25-14.25.58:720][  0]LogConfig: Setting CVar [[r.DOF.Scatter.EnableBokehSettings:1      ; bokeh simulation when scattering]]
[2020.03.25-14.25.58:720][  0]LogConfig: Setting CVar [[r.DOF.Scatter.MaxSpriteRatio:0.1         ; only a maximum of 10% of scattered bokeh]]
[2020.03.25-14.25.58:720][  0]LogConfig: Setting CVar [[r.DOF.Recombine.Quality:1                ; cheap slight out of focus]]
[2020.03.25-14.25.58:720][  0]LogConfig: Setting CVar [[r.DOF.Recombine.EnableBokehSettings:0    ; no bokeh simulation on slight out of focus]]
[2020.03.25-14.25.58:720][  0]LogConfig: Setting CVar [[r.DOF.TemporalAAQuality:1                ; more stable temporal accumulation]]
[2020.03.25-14.25.58:720][  0]LogConfig: Setting CVar [[r.DOF.Kernel.MaxForegroundRadius:0.025]]
[2020.03.25-14.25.58:720][  0]LogConfig: Setting CVar [[r.DOF.Kernel.MaxBackgroundRadius:0.025]]
[2020.03.25-14.25.58:720][  0]LogConfig: Applying CVar settings from Section [TextureQuality@3] File [C:/Users/Spencer/Documents/Unreal Projects/FPS_AdaptiveAI_SP/Saved/Config/Windows/Scalability.ini]
[2020.03.25-14.25.58:720][  0]LogConfig: Setting CVar [[r.Streaming.MipBias:0]]
[2020.03.25-14.25.58:720][  0]LogConfig: Setting CVar [[r.Streaming.AmortizeCPUToGPUCopy:0]]
[2020.03.25-14.25.58:720][  0]LogConfig: Setting CVar [[r.Streaming.MaxNumTexturesToStreamPerFrame:0]]
[2020.03.25-14.25.58:720][  0]LogConfig: Setting CVar [[r.Streaming.Boost:1]]
[2020.03.25-14.25.58:720][  0]LogConfig: Setting CVar [[r.MaxAnisotropy:8]]
[2020.03.25-14.25.58:720][  0]LogConfig: Setting CVar [[r.Streaming.LimitPoolSizeToVRAM:0]]
[2020.03.25-14.25.58:720][  0]LogConfig: Setting CVar [[r.Streaming.PoolSize:1000]]
[2020.03.25-14.25.58:720][  0]LogConfig: Setting CVar [[r.Streaming.MaxEffectiveScreenSize:0]]
[2020.03.25-14.25.58:720][  0]LogConfig: Applying CVar settings from Section [EffectsQuality@3] File [C:/Users/Spencer/Documents/Unreal Projects/FPS_AdaptiveAI_SP/Saved/Config/Windows/Scalability.ini]
[2020.03.25-14.25.58:720][  0]LogConfig: Setting CVar [[r.TranslucencyLightingVolumeDim:64]]
[2020.03.25-14.25.58:720][  0]LogConfig: Setting CVar [[r.RefractionQuality:2]]
[2020.03.25-14.25.58:720][  0]LogConfig: Setting CVar [[r.SSR.Quality:3]]
[2020.03.25-14.25.58:720][  0]LogConfig: Setting CVar [[r.SceneColorFormat:4]]
[2020.03.25-14.25.58:720][  0]LogConfig: Setting CVar [[r.DetailMode:2]]
[2020.03.25-14.25.58:720][  0]LogConfig: Setting CVar [[r.TranslucencyVolumeBlur:1]]
[2020.03.25-14.25.58:720][  0]LogConfig: Setting CVar [[r.MaterialQualityLevel:1 ; High quality]]
[2020.03.25-14.25.58:720][  0]LogConfig: Setting CVar [[r.SSS.Scale:1]]
[2020.03.25-14.25.58:720][  0]LogConfig: Setting CVar [[r.SSS.SampleSet:2]]
[2020.03.25-14.25.58:720][  0]LogConfig: Setting CVar [[r.SSS.Quality:1]]
[2020.03.25-14.25.58:720][  0]LogConfig: Setting CVar [[r.SSS.HalfRes:1]]
[2020.03.25-14.25.58:720][  0]LogConfig: Setting CVar [[r.EmitterSpawnRateScale:1.0]]
[2020.03.25-14.25.58:720][  0]LogConfig: Setting CVar [[r.ParticleLightQuality:2]]
[2020.03.25-14.25.58:720][  0]LogConfig: Applying CVar settings from Section [FoliageQuality@3] File [C:/Users/Spencer/Documents/Unreal Projects/FPS_AdaptiveAI_SP/Saved/Config/Windows/Scalability.ini]
[2020.03.25-14.25.58:720][  0]LogConfig: Setting CVar [[foliage.DensityScale:1.0]]
[2020.03.25-14.25.58:720][  0]LogConfig: Setting CVar [[grass.DensityScale:1.0]]
[2020.03.25-14.25.58:720][  0]LogInit: Selected Device Profile: [Windows]
[2020.03.25-14.25.58:720][  0]LogInit: Applying CVar settings loaded from the selected device profile: [Windows]
[2020.03.25-14.25.58:729][  0]LogHAL: Display: Platform has ~ 16 GB [17125662720 / 17179869184 / 16], which maps to Larger [LargestMinGB=32, LargerMinGB=12, DefaultMinGB=8, SmallerMinGB=6, SmallestMinGB=0)
[2020.03.25-14.25.58:729][  0]LogInit: Going up to parent DeviceProfile []
[2020.03.25-14.25.58:729][  0]LogConfig: Applying CVar settings from Section [ViewDistanceQuality@3] File [C:/Users/Spencer/Documents/Unreal Projects/FPS_AdaptiveAI_SP/Saved/Config/Windows/Scalability.ini]
[2020.03.25-14.25.58:729][  0]LogConfig: Setting CVar [[r.SkeletalMeshLODBias:0]]
[2020.03.25-14.25.58:729][  0]LogConfig: Setting CVar [[r.ViewDistanceScale:1.0]]
[2020.03.25-14.25.58:729][  0]LogConfig: Applying CVar settings from Section [AntiAliasingQuality@3] File [C:/Users/Spencer/Documents/Unreal Projects/FPS_AdaptiveAI_SP/Saved/Config/Windows/Scalability.ini]
[2020.03.25-14.25.58:729][  0]LogConfig: Setting CVar [[r.PostProcessAAQuality:4]]
[2020.03.25-14.25.58:729][  0]LogConfig: Applying CVar settings from Section [ShadowQuality@3] File [C:/Users/Spencer/Documents/Unreal Projects/FPS_AdaptiveAI_SP/Saved/Config/Windows/Scalability.ini]
[2020.03.25-14.25.58:729][  0]LogConfig: Setting CVar [[r.LightFunctionQuality:1]]
[2020.03.25-14.25.58:729][  0]LogConfig: Setting CVar [[r.ShadowQuality:5]]
[2020.03.25-14.25.58:729][  0]LogConfig: Setting CVar [[r.Shadow.CSM.MaxCascades:10]]
[2020.03.25-14.25.58:729][  0]LogConfig: Setting CVar [[r.Shadow.MaxResolution:2048]]
[2020.03.25-14.25.58:729][  0]LogConfig: Setting CVar [[r.Shadow.MaxCSMResolution:2048]]
[2020.03.25-14.25.58:729][  0]LogConfig: Setting CVar [[r.Shadow.RadiusThreshold:0.01]]
[2020.03.25-14.25.58:729][  0]LogConfig: Setting CVar [[r.Shadow.DistanceScale:1.0]]
[2020.03.25-14.25.58:729][  0]LogConfig: Setting CVar [[r.Shadow.CSM.TransitionScale:1.0]]
[2020.03.25-14.25.58:729][  0]LogConfig: Setting CVar [[r.Shadow.PreShadowResolutionFactor:1.0]]
[2020.03.25-14.25.58:729][  0]LogConfig: Setting CVar [[r.DistanceFieldShadowing:1]]
[2020.03.25-14.25.58:729][  0]LogConfig: Setting CVar [[r.DistanceFieldAO:1]]
[2020.03.25-14.25.58:729][  0]LogConfig: Setting CVar [[r.AOQuality:2]]
[2020.03.25-14.25.58:729][  0]LogConfig: Setting CVar [[r.VolumetricFog:1]]
[2020.03.25-14.25.58:729][  0]LogConfig: Setting CVar [[r.VolumetricFog.GridPixelSize:8]]
[2020.03.25-14.25.58:729][  0]LogConfig: Setting CVar [[r.VolumetricFog.GridSizeZ:128]]
[2020.03.25-14.25.58:729][  0]LogConfig: Setting CVar [[r.VolumetricFog.HistoryMissSupersampleCount:4]]
[2020.03.25-14.25.58:729][  0]LogConfig: Setting CVar [[r.LightMaxDrawDistanceScale:1]]
[2020.03.25-14.25.58:729][  0]LogConfig: Setting CVar [[r.CapsuleShadows:1]]
[2020.03.25-14.25.58:729][  0]LogConfig: Applying CVar settings from Section [PostProcessQuality@3] File [C:/Users/Spencer/Documents/Unreal Projects/FPS_AdaptiveAI_SP/Saved/Config/Windows/Scalability.ini]
[2020.03.25-14.25.58:729][  0]LogConfig: Setting CVar [[r.MotionBlurQuality:4]]
[2020.03.25-14.25.58:729][  0]LogConfig: Setting CVar [[r.AmbientOcclusionMipLevelFactor:0.4]]
[2020.03.25-14.25.58:729][  0]LogConfig: Setting CVar [[r.AmbientOcclusionMaxQuality:100]]
[2020.03.25-14.25.58:729][  0]LogConfig: Setting CVar [[r.AmbientOcclusionLevels:-1]]
[2020.03.25-14.25.58:729][  0]LogConfig: Setting CVar [[r.AmbientOcclusionRadiusScale:1.0]]
[2020.03.25-14.25.58:729][  0]LogConfig: Setting CVar [[r.DepthOfFieldQuality:2]]
[2020.03.25-14.25.58:729][  0]LogConfig: Setting CVar [[r.RenderTargetPoolMin:400]]
[2020.03.25-14.25.58:729][  0]LogConfig: Setting CVar [[r.LensFlareQuality:2]]
[2020.03.25-14.25.58:729][  0]LogConfig: Setting CVar [[r.SceneColorFringeQuality:1]]
[2020.03.25-14.25.58:729][  0]LogConfig: Setting CVar [[r.EyeAdaptationQuality:2]]
[2020.03.25-14.25.58:729][  0]LogConfig: Setting CVar [[r.BloomQuality:5]]
[2020.03.25-14.25.58:729][  0]LogConfig: Setting CVar [[r.FastBlurThreshold:100]]
[2020.03.25-14.25.58:729][  0]LogConfig: Setting CVar [[r.Upscale.Quality:3]]
[2020.03.25-14.25.58:730][  0]LogConfig: Setting CVar [[r.Tonemapper.GrainQuantization:1]]
[2020.03.25-14.25.58:730][  0]LogConfig: Setting CVar [[r.LightShaftQuality:1]]
[2020.03.25-14.25.58:730][  0]LogConfig: Setting CVar [[r.Filter.SizeScale:1]]
[2020.03.25-14.25.58:730][  0]LogConfig: Setting CVar [[r.Tonemapper.Quality:5]]
[2020.03.25-14.25.58:730][  0]LogConfig: Setting CVar [[r.DOF.Gather.AccumulatorQuality:1        ; higher gathering accumulator quality]]
[2020.03.25-14.25.58:730][  0]LogConfig: Setting CVar [[r.DOF.Gather.PostfilterMethod:1          ; Median3x3 postfilering method]]
[2020.03.25-14.25.58:730][  0]LogConfig: Setting CVar [[r.DOF.Gather.EnableBokehSettings:0       ; no bokeh simulation when gathering]]
[2020.03.25-14.25.58:730][  0]LogConfig: Setting CVar [[r.DOF.Gather.RingCount:4                 ; medium number of samples when gathering]]
[2020.03.25-14.25.58:730][  0]LogConfig: Setting CVar [[r.DOF.Scatter.ForegroundCompositing:1    ; additive foreground scattering]]
[2020.03.25-14.25.58:730][  0]LogConfig: Setting CVar [[r.DOF.Scatter.BackgroundCompositing:2    ; additive background scattering]]
[2020.03.25-14.25.58:730][  0]LogConfig: Setting CVar [[r.DOF.Scatter.EnableBokehSettings:1      ; bokeh simulation when scattering]]
[2020.03.25-14.25.58:730][  0]LogConfig: Setting CVar [[r.DOF.Scatter.MaxSpriteRatio:0.1         ; only a maximum of 10% of scattered bokeh]]
[2020.03.25-14.25.58:730][  0]LogConfig: Setting CVar [[r.DOF.Recombine.Quality:1                ; cheap slight out of focus]]
[2020.03.25-14.25.58:730][  0]LogConfig: Setting CVar [[r.DOF.Recombine.EnableBokehSettings:0    ; no bokeh simulation on slight out of focus]]
[2020.03.25-14.25.58:730][  0]LogConfig: Setting CVar [[r.DOF.TemporalAAQuality:1                ; more stable temporal accumulation]]
[2020.03.25-14.25.58:730][  0]LogConfig: Setting CVar [[r.DOF.Kernel.MaxForegroundRadius:0.025]]
[2020.03.25-14.25.58:730][  0]LogConfig: Setting CVar [[r.DOF.Kernel.MaxBackgroundRadius:0.025]]
[2020.03.25-14.25.58:730][  0]LogConfig: Applying CVar settings from Section [TextureQuality@3] File [C:/Users/Spencer/Documents/Unreal Projects/FPS_AdaptiveAI_SP/Saved/Config/Windows/Scalability.ini]
[2020.03.25-14.25.58:730][  0]LogConfig: Setting CVar [[r.Streaming.MipBias:0]]
[2020.03.25-14.25.58:730][  0]LogConfig: Setting CVar [[r.Streaming.AmortizeCPUToGPUCopy:0]]
[2020.03.25-14.25.58:730][  0]LogConfig: Setting CVar [[r.Streaming.MaxNumTexturesToStreamPerFrame:0]]
[2020.03.25-14.25.58:730][  0]LogConfig: Setting CVar [[r.Streaming.Boost:1]]
[2020.03.25-14.25.58:730][  0]LogConfig: Setting CVar [[r.MaxAnisotropy:8]]
[2020.03.25-14.25.58:730][  0]LogConfig: Setting CVar [[r.Streaming.LimitPoolSizeToVRAM:0]]
[2020.03.25-14.25.58:730][  0]LogConfig: Setting CVar [[r.Streaming.PoolSize:1000]]
[2020.03.25-14.25.58:730][  0]LogConfig: Setting CVar [[r.Streaming.MaxEffectiveScreenSize:0]]
[2020.03.25-14.25.58:730][  0]LogConfig: Applying CVar settings from Section [EffectsQuality@3] File [C:/Users/Spencer/Documents/Unreal Projects/FPS_AdaptiveAI_SP/Saved/Config/Windows/Scalability.ini]
[2020.03.25-14.25.58:730][  0]LogConfig: Setting CVar [[r.TranslucencyLightingVolumeDim:64]]
[2020.03.25-14.25.58:730][  0]LogConfig: Setting CVar [[r.RefractionQuality:2]]
[2020.03.25-14.25.58:730][  0]LogConfig: Setting CVar [[r.SSR.Quality:3]]
[2020.03.25-14.25.58:730][  0]LogConfig: Setting CVar [[r.SceneColorFormat:4]]
[2020.03.25-14.25.58:730][  0]LogConfig: Setting CVar [[r.DetailMode:2]]
[2020.03.25-14.25.58:730][  0]LogConfig: Setting CVar [[r.TranslucencyVolumeBlur:1]]
[2020.03.25-14.25.58:730][  0]LogConfig: Setting CVar [[r.MaterialQualityLevel:1 ; High quality]]
[2020.03.25-14.25.58:730][  0]LogConfig: Setting CVar [[r.SSS.Scale:1]]
[2020.03.25-14.25.58:730][  0]LogConfig: Setting CVar [[r.SSS.SampleSet:2]]
[2020.03.25-14.25.58:730][  0]LogConfig: Setting CVar [[r.SSS.Quality:1]]
[2020.03.25-14.25.58:730][  0]LogConfig: Setting CVar [[r.SSS.HalfRes:1]]
[2020.03.25-14.25.58:730][  0]LogConfig: Setting CVar [[r.EmitterSpawnRateScale:1.0]]
[2020.03.25-14.25.58:730][  0]LogConfig: Setting CVar [[r.ParticleLightQuality:2]]
[2020.03.25-14.25.58:730][  0]LogConfig: Applying CVar settings from Section [FoliageQuality@3] File [C:/Users/Spencer/Documents/Unreal Projects/FPS_AdaptiveAI_SP/Saved/Config/Windows/Scalability.ini]
[2020.03.25-14.25.58:730][  0]LogConfig: Setting CVar [[foliage.DensityScale:1.0]]
[2020.03.25-14.25.58:730][  0]LogConfig: Setting CVar [[grass.DensityScale:1.0]]
[2020.03.25-14.25.58:730][  0]LogConfig: Applying CVar settings from Section [Startup] File [../../../Engine/Config/ConsoleVariables.ini]
[2020.03.25-14.25.58:735][  0]LogConfig: Setting CVar [[net.UseAdaptiveNetUpdateFrequency:0]]
[2020.03.25-14.25.58:735][  0]LogConfig: Setting CVar [[p.chaos.AllowCreatePhysxBodies:1]]
[2020.03.25-14.25.58:735][  0]LogConfig: Applying CVar settings from Section [ConsoleVariables] File [C:/Users/Spencer/Documents/Unreal Projects/FPS_AdaptiveAI_SP/Saved/Config/Windows/Engine.ini]
[2020.03.25-14.25.58:735][  0]LogInit: Computer: SPOOPDESKTOP
[2020.03.25-14.25.58:735][  0]LogInit: User: Spencer
[2020.03.25-14.25.58:735][  0]LogInit: CPU Page size=4096, Cores=6
[2020.03.25-14.25.58:735][  0]LogInit: High frequency timer resolution =10.000000 MHz
[2020.03.25-14.25.58:735][  0]LogMemory: Memory total: Physical=15.9GB (16GB approx)
[2020.03.25-14.25.58:735][  0]LogMemory: Platform Memory Stats for Windows
[2020.03.25-14.25.58:735][  0]LogMemory: Process Physical Memory: 101.97 MB used, 101.97 MB peak
[2020.03.25-14.25.58:735][  0]LogMemory: Process Virtual Memory: 105.61 MB used, 105.61 MB peak
[2020.03.25-14.25.58:735][  0]LogMemory: Physical Memory: 6643.57 MB used,  9688.73 MB free, 16332.30 MB total
[2020.03.25-14.25.58:735][  0]LogMemory: Virtual Memory: 4690.71 MB used,  134213040.00 MB free, 134217728.00 MB total
[2020.03.25-14.25.58:737][  0]LogWindows: WindowsPlatformFeatures enabled
[2020.03.25-14.25.58:865][  0]LogInit: Using OS detected language (en-US).
[2020.03.25-14.25.58:865][  0]LogInit: Using OS detected locale (en-US).
[2020.03.25-14.25.58:866][  0]LogTextLocalizationManager: No specific localization for 'en-US' exists, so the 'en' localization will be used.
[2020.03.25-14.25.59:087][  0]LogInit: Setting process to per monitor DPI aware
[2020.03.25-14.25.59:147][  0]LogSlate: New Slate User Created.  User Index 0, Is Virtual User: 0
[2020.03.25-14.25.59:147][  0]LogSlate: Slate User Registered.  User Index 0, Is Virtual User: 0
[2020.03.25-14.26.01:258][  0]LogHMD: Failed to initialize OpenVR with code 110
[2020.03.25-14.26.01:258][  0]LogD3D11RHI: D3D11 adapters:
[2020.03.25-14.26.01:322][  0]LogD3D11RHI:    0. 'NVIDIA GeForce GTX 1080' (Feature Level 11_0)
[2020.03.25-14.26.01:322][  0]LogD3D11RHI:       8079/0/8166 MB DedicatedVideo/DedicatedSystem/SharedSystem, Outputs:1, VendorId:0x10de
[2020.03.25-14.26.01:324][  0]LogD3D11RHI:    1. 'Microsoft Basic Render Driver' (Feature Level 11_0)
[2020.03.25-14.26.01:324][  0]LogD3D11RHI:       0/0/8166 MB DedicatedVideo/DedicatedSystem/SharedSystem, Outputs:0, VendorId:0x1414
[2020.03.25-14.26.01:324][  0]LogD3D11RHI: Chosen D3D11 Adapter: 0
[2020.03.25-14.26.01:332][  0]LogD3D11RHI: Creating new Direct3DDevice
[2020.03.25-14.26.01:332][  0]LogD3D11RHI:     GPU DeviceId: 0x1b80 (for the marketing name, search the web for "GPU Device Id")
[2020.03.25-14.26.01:332][  0]LogWindows: EnumDisplayDevices:
[2020.03.25-14.26.01:332][  0]LogWindows:    0. 'NVIDIA GeForce GTX 1080' (P:1 D:1)
[2020.03.25-14.26.01:332][  0]LogWindows:    1. 'NVIDIA GeForce GTX 1080' (P:0 D:0)
[2020.03.25-14.26.01:332][  0]LogWindows:    2. 'NVIDIA GeForce GTX 1080' (P:0 D:0)
[2020.03.25-14.26.01:333][  0]LogWindows:    3. 'NVIDIA GeForce GTX 1080' (P:0 D:0)
[2020.03.25-14.26.01:333][  0]LogWindows: DebugString: FoundDriverCount:4 
[2020.03.25-14.26.01:333][  0]LogD3D11RHI:     Adapter Name: NVIDIA GeForce GTX 1080
[2020.03.25-14.26.01:333][  0]LogD3D11RHI:   Driver Version: 442.59 (internal:26.21.14.4259, unified:442.59)
[2020.03.25-14.26.01:333][  0]LogD3D11RHI:      Driver Date: 3-4-2020
[2020.03.25-14.26.01:333][  0]LogRHI: Texture pool is 5655 MB (70% of 8079 MB)
[2020.03.25-14.26.01:383][  0]LogD3D11RHI: Async texture creation enabled
[2020.03.25-14.26.01:394][  0]LogD3D11RHI: GPU Timing Frequency: 1000.000000 (Debug: 2 1)
[2020.03.25-14.26.02:093][  0]LogTemp: Display: Module 'AllDesktopTargetPlatform' loaded TargetPlatform 'AllDesktop'
[2020.03.25-14.26.02:104][  0]LogTemp: Display: Module 'MacClientTargetPlatform' loaded TargetPlatform 'MacClient'
[2020.03.25-14.26.02:114][  0]LogTemp: Display: Module 'MacNoEditorTargetPlatform' loaded TargetPlatform 'MacNoEditor'
[2020.03.25-14.26.02:124][  0]LogTemp: Display: Module 'MacServerTargetPlatform' loaded TargetPlatform 'MacServer'
[2020.03.25-14.26.02:138][  0]LogTemp: Display: Module 'MacTargetPlatform' loaded TargetPlatform 'Mac'
[2020.03.25-14.26.02:147][  0]LogTemp: Display: Module 'WindowsClientTargetPlatform' loaded TargetPlatform 'WindowsClient'
[2020.03.25-14.26.02:157][  0]LogTemp: Display: Module 'WindowsNoEditorTargetPlatform' loaded TargetPlatform 'WindowsNoEditor'
[2020.03.25-14.26.02:167][  0]LogTemp: Display: Module 'WindowsServerTargetPlatform' loaded TargetPlatform 'WindowsServer'
[2020.03.25-14.26.02:171][  0]LogTemp: Display: Module 'WindowsTargetPlatform' loaded TargetPlatform 'Windows'
[2020.03.25-14.26.02:212][  0]LogTemp: Display: Module 'AndroidTargetPlatform' loaded TargetPlatform 'Android'
[2020.03.25-14.26.02:212][  0]LogTemp: Display: Module 'AndroidTargetPlatform' loaded TargetPlatform 'Android_ASTC'
[2020.03.25-14.26.02:212][  0]LogTemp: Display: Module 'AndroidTargetPlatform' loaded TargetPlatform 'Android_ATC'
[2020.03.25-14.26.02:212][  0]LogTemp: Display: Module 'AndroidTargetPlatform' loaded TargetPlatform 'Android_DXT'
[2020.03.25-14.26.02:212][  0]LogTemp: Display: Module 'AndroidTargetPlatform' loaded TargetPlatform 'Android_ETC1'
[2020.03.25-14.26.02:212][  0]LogTemp: Display: Module 'AndroidTargetPlatform' loaded TargetPlatform 'Android_ETC1a'
[2020.03.25-14.26.02:212][  0]LogTemp: Display: Module 'AndroidTargetPlatform' loaded TargetPlatform 'Android_ETC2'
[2020.03.25-14.26.02:212][  0]LogTemp: Display: Module 'AndroidTargetPlatform' loaded TargetPlatform 'Android_PVRTC'
[2020.03.25-14.26.02:212][  0]LogTemp: Display: Module 'AndroidTargetPlatform' loaded TargetPlatform 'AndroidClient'
[2020.03.25-14.26.02:212][  0]LogTemp: Display: Module 'AndroidTargetPlatform' loaded TargetPlatform 'Android_ASTCClient'
[2020.03.25-14.26.02:212][  0]LogTemp: Display: Module 'AndroidTargetPlatform' loaded TargetPlatform 'Android_ATCClient'
[2020.03.25-14.26.02:212][  0]LogTemp: Display: Module 'AndroidTargetPlatform' loaded TargetPlatform 'Android_DXTClient'
[2020.03.25-14.26.02:212][  0]LogTemp: Display: Module 'AndroidTargetPlatform' loaded TargetPlatform 'Android_ETC1Client'
[2020.03.25-14.26.02:212][  0]LogTemp: Display: Module 'AndroidTargetPlatform' loaded TargetPlatform 'Android_ETC1aClient'
[2020.03.25-14.26.02:212][  0]LogTemp: Display: Module 'AndroidTargetPlatform' loaded TargetPlatform 'Android_ETC2Client'
[2020.03.25-14.26.02:212][  0]LogTemp: Display: Module 'AndroidTargetPlatform' loaded TargetPlatform 'Android_PVRTCClient'
[2020.03.25-14.26.02:212][  0]LogTemp: Display: Module 'AndroidTargetPlatform' loaded TargetPlatform 'Android_Multi'
[2020.03.25-14.26.02:212][  0]LogTemp: Display: Module 'AndroidTargetPlatform' loaded TargetPlatform 'Android_MultiClient'
[2020.03.25-14.26.02:214][  0]LogTemp: Display: Module 'HTML5TargetPlatform' loaded TargetPlatform 'HTML5'
[2020.03.25-14.26.02:241][  0]LogTemp: Display: Module 'IOSTargetPlatform' loaded TargetPlatform 'IOSClient'
[2020.03.25-14.26.02:242][  0]LogTemp: Display: Module 'IOSTargetPlatform' loaded TargetPlatform 'IOS'
[2020.03.25-14.26.02:257][  0]LogTemp: Display: Module 'TVOSTargetPlatform' loaded TargetPlatform 'TVOSClient'
[2020.03.25-14.26.02:257][  0]LogTemp: Display: Module 'TVOSTargetPlatform' loaded TargetPlatform 'TVOS'
[2020.03.25-14.26.02:264][  0]LogTemp: Display: Module 'LinuxClientTargetPlatform' loaded TargetPlatform 'LinuxClient'
[2020.03.25-14.26.02:272][  0]LogTemp: Display: Module 'LinuxNoEditorTargetPlatform' loaded TargetPlatform 'LinuxNoEditor'
[2020.03.25-14.26.02:279][  0]LogTemp: Display: Module 'LinuxServerTargetPlatform' loaded TargetPlatform 'LinuxServer'
[2020.03.25-14.26.02:294][  0]LogTemp: Display: Module 'LinuxTargetPlatform' loaded TargetPlatform 'Linux'
[2020.03.25-14.26.02:324][  0]LogTemp: Display: Module 'LuminTargetPlatform' loaded TargetPlatform 'Lumin'
[2020.03.25-14.26.02:324][  0]LogTemp: Display: Module 'LuminTargetPlatform' loaded TargetPlatform 'LuminClient'
[2020.03.25-14.26.02:324][  0]LogTargetPlatformManager: Display: Building Assets For Windows
[2020.03.25-14.26.02:362][  0]LogAudioDebug: Display: Lib vorbis DLL was dynamically loaded.
[2020.03.25-14.26.02:443][  0]LogShaderCompilers: Guid format shader working directory is -28 characters bigger than the processId version (../../../../../../Users/Spencer/Documents/Unreal Projects/FPS_AdaptiveAI_SP/Intermediate/Shaders/WorkingDirectory/16080/).
[2020.03.25-14.26.02:443][  0]LogShaderCompilers: Cleaned the shader compiler working directory 'C:/Users/Spencer/AppData/Local/Temp/UnrealShaderWorkingDir/DF244A0D439186C4170EA285233DDA7E/'.
[2020.03.25-14.26.02:446][  0]LogXGEController: Cannot use XGE Controller as Incredibuild is not installed on this machine.
[2020.03.25-14.26.02:446][  0]LogShaderCompilers: Cannot use XGE Shader Compiler as Incredibuild is not installed on this machine.
[2020.03.25-14.26.02:446][  0]LogShaderCompilers: Display: Using Local Shader Compiler.
[2020.03.25-14.26.04:586][  0]LogDerivedDataCache: Display: Max Cache Size: 512 MB
[2020.03.25-14.26.04:628][  0]LogDerivedDataCache: Loaded boot cache 0.04s 73MB C:/Users/Spencer/AppData/Local/UnrealEngine/4.23/DerivedDataCache/Boot.ddc.
[2020.03.25-14.26.04:628][  0]LogDerivedDataCache: Display: Loaded Boot cache: C:/Users/Spencer/AppData/Local/UnrealEngine/4.23/DerivedDataCache/Boot.ddc
[2020.03.25-14.26.04:628][  0]LogDerivedDataCache: FDerivedDataBackendGraph:  Pak pak cache file ../../../../../../Users/Spencer/Documents/Unreal Projects/FPS_AdaptiveAI_SP/DerivedDataCache/DDC.ddp not found, will not use a pak cache.
[2020.03.25-14.26.04:628][  0]LogDerivedDataCache: Unable to find inner node Pak for hierarchical cache Hierarchy.
[2020.03.25-14.26.04:628][  0]LogDerivedDataCache: FDerivedDataBackendGraph:  CompressedPak pak cache file ../../../../../../Users/Spencer/Documents/Unreal Projects/FPS_AdaptiveAI_SP/DerivedDataCache/Compressed.ddp not found, will not use a pak cache.
[2020.03.25-14.26.04:628][  0]LogDerivedDataCache: Unable to find inner node CompressedPak for hierarchical cache Hierarchy.
[2020.03.25-14.26.04:645][  0]LogDerivedDataCache: Display: Pak cache opened for reading ../../../Engine/DerivedDataCache/Compressed.ddp.
[2020.03.25-14.26.04:645][  0]LogDerivedDataCache: FDerivedDataBackendGraph:  EnterprisePak pak cache file ../../../Enterprise/DerivedDataCache/Compressed.ddp not found, will not use a pak cache.
[2020.03.25-14.26.04:645][  0]LogDerivedDataCache: Unable to find inner node EnterprisePak for hierarchical cache Hierarchy.
[2020.03.25-14.26.04:646][  0]LogDerivedDataCache: Using Local data cache path C:/Users/Spencer/AppData/Local/UnrealEngine/Common/DerivedDataCache: Writable
[2020.03.25-14.26.04:646][  0]LogDerivedDataCache: Shared data cache path not found in *engine.ini, will not use an Shared cache.
[2020.03.25-14.26.04:646][  0]LogDerivedDataCache: Unable to find inner node Shared for hierarchical cache Hierarchy.
[2020.03.25-14.26.04:666][  0]LogMaterial: Verifying Global Shaders for PCD3D_SM5
[2020.03.25-14.26.04:669][  0]LogSlate: Using FreeType 2.6.0
[2020.03.25-14.26.04:684][  0]LogSlate: SlateFontServices - WITH_FREETYPE: 1, WITH_HARFBUZZ: 1
[2020.03.25-14.26.04:843][  0]LogAssetRegistry: FAssetRegistry took 0.0024 seconds to start up
[2020.03.25-14.26.05:128][  0]LogInit: Selected Device Profile: [Windows]
[2020.03.25-14.26.05:345][  0]LogMeshReduction: Using QuadricMeshReduction for automatic static mesh reduction
[2020.03.25-14.26.05:345][  0]LogMeshReduction: Using SimplygonMeshReduction for automatic skeletal mesh reduction
[2020.03.25-14.26.05:345][  0]LogMeshReduction: Using ProxyLODMeshReduction for automatic mesh merging
[2020.03.25-14.26.05:345][  0]LogMeshReduction: No distributed automatic mesh merging module available
[2020.03.25-14.26.05:345][  0]LogMeshMerging: No distributed automatic mesh merging module available
[2020.03.25-14.26.05:373][  0]LogNetVersion: FPS_AdaptiveAI_SP 1.0.0, NetCL: 8386587, EngineNetVer: 11, GameNetVer: 0 (Checksum: 1732601486)
[2020.03.25-14.26.06:274][  0]LogPackageLocalizationCache: Processed 12 localized package path(s) for 1 prioritized culture(s) in 0.061470 seconds
[2020.03.25-14.26.06:282][  0]LogUObjectArray: 43444 objects as part of root set at end of initial load.
[2020.03.25-14.26.06:282][  0]LogUObjectAllocator: 7548648 out of 0 bytes used by permanent object pool.
[2020.03.25-14.26.06:282][  0]LogUObjectArray: CloseDisregardForGC: 0/0 objects in disregard for GC pool
[2020.03.25-14.26.08:407][  0]LogTcpMessaging: Initializing TcpMessaging bridge
[2020.03.25-14.26.08:410][  0]LogUdpMessaging: Initializing bridge on interface 0.0.0.0:0 to multicast group 230.0.0.1:6666.
[2020.03.25-14.26.08:488][  0]SourceControl: Source control is disabled
[2020.03.25-14.26.08:488][  0]SourceControl: Source control is disabled
[2020.03.25-14.26.08:489][  0]SourceControl: Source control is disabled
[2020.03.25-14.26.08:490][  0]SourceControl: Source control is disabled
[2020.03.25-14.26.08:619][  0]LogAndroidPermission: UAndroidPermissionCallbackProxy::GetInstance
[2020.03.25-14.26.08:969][  0]LogOcInput: OculusInput pre-init called
[2020.03.25-14.26.08:977][  0]LogWindows: Failed to load 'OVRPlugin.dll' (GetLastError=126)
[2020.03.25-14.26.08:977][  0]LogWindows: File 'OVRPlugin.dll' does not exist
[2020.03.25-14.26.09:069][  0]LogEngine: Initializing Engine...
[2020.03.25-14.26.09:070][  0]LogHMD: Failed to initialize OpenVR with code 110
[2020.03.25-14.26.09:071][  0]LogStats: UGameplayTagsManager::InitializeManager -  0.000 s
[2020.03.25-14.26.09:426][  0]LogInit: Initializing FReadOnlyCVARCache
[2020.03.25-14.26.09:442][  0]LogAIModule: Creating AISystem for world Untitled
[2020.03.25-14.26.09:505][  0]LogInit: XAudio2 using 'Headphones (Corsair ST100 Headset Output)' : 6 channels at 48 kHz using 16 bits per sample (channel mask 0x3f)
[2020.03.25-14.26.09:665][  0]LogInit: FAudioDevice initialized.
[2020.03.25-14.26.09:665][  0]LogNetVersion: Set ProjectVersion to 1.0.0.0. Version Checksum will be recalculated on next use.
[2020.03.25-14.26.09:751][  0]LogDerivedDataCache: Saved boot cache 0.09s 73MB C:/Users/Spencer/AppData/Local/UnrealEngine/4.23/DerivedDataCache/Boot.ddc.
[2020.03.25-14.26.09:756][  0]LogInit: Texture streaming: Enabled
[2020.03.25-14.26.09:777][  0]LogEngineSessionManager: EngineSessionManager initialized
[2020.03.25-14.26.09:777][  0]LogEditorSessionSummary: Verbose: Initializing EditorSessionSummaryWriter for editor session tracking
[2020.03.25-14.26.09:778][  0]LogEditorSessionSummary: EditorSessionSummaryWriter initialized
[2020.03.25-14.26.09:860][  0]LogInit: Transaction tracking system initialized
[2020.03.25-14.26.09:897][  0]BlueprintLog: New page: Editor Load
[2020.03.25-14.26.09:996][  0]LocalizationService: Localization service is disabled
[2020.03.25-14.26.10:498][  0]LogCook: Display: Max memory allowance for cook 16384mb min free memory 0mb
[2020.03.25-14.26.10:499][  0]LogCook: Display: Mobile HDR setting 1
[2020.03.25-14.26.10:797][  0]LogFileCache: Scanning file cache for directory 'C:/Users/Spencer/Documents/Unreal Projects/FPS_AdaptiveAI_SP/Content/' took 0.02s
[2020.03.25-14.26.10:797][  0]SourceControl: Source control is disabled
[2020.03.25-14.26.10:797][  0]Cmd: MAP LOAD FILE="../../../../../../Users/Spencer/Documents/Unreal Projects/FPS_AdaptiveAI_SP/Content/FirstPersonCharacter/Maps/FirstPersonArena.umap" TEMPLATE=0 SHOWPROGRESS=1 FEATURELEVEL=3
[2020.03.25-14.26.10:804][  0]LightingResults: New page: Lighting Build
[2020.03.25-14.26.10:807][  0]LogWorld: UWorld::CleanupWorld for Untitled, bSessionEnded=true, bCleanupResources=true
[2020.03.25-14.26.10:807][  0]MapCheck: New page: Map Check
[2020.03.25-14.26.10:807][  0]LightingResults: New page: Lighting Build
[2020.03.25-14.26.10:838][  0]LogUObjectHash: Compacting FUObjectHashTables data took   1.65ms
[2020.03.25-14.26.16:300][  0]LogTexture: Display: Building textures: HQ_Lightmap0_10 (AutoDXT, 256X256)
[2020.03.25-14.26.16:300][  0]LogTexture: Display: Building textures: LQ_Lightmap_0_10 (DXT1, 256X256)
[2020.03.25-14.26.16:300][  0]LogTexture: Display: Building textures: HQ_Lightmap0_8 (AutoDXT, 2048X2048)
[2020.03.25-14.26.16:300][  0]LogTexture: Display: Building textures: HQ_Lightmap0_9 (AutoDXT, 2048X2048)
[2020.03.25-14.26.16:300][  0]LogTexture: Display: Building textures: HQ_Lightmap1_2 (AutoDXT, 2048X2048)
[2020.03.25-14.26.16:300][  0]LogTexture: Display: Building textures: HQ_Lightmap1_5 (AutoDXT, 2048X2048)
[2020.03.25-14.26.16:300][  0]LogTexture: Display: Building textures: HQ_Lightmap1_1 (AutoDXT, 2048X2048)
[2020.03.25-14.26.16:300][  0]LogTexture: Display: Building textures: HQ_Lightmap1_7 (AutoDXT, 2048X2048)
[2020.03.25-14.26.16:300][  0]LogTexture: Display: Building textures: HQ_Lightmap1_3 (AutoDXT, 2048X2048)
[2020.03.25-14.26.16:300][  0]LogTexture: Display: Building textures: HQ_Lightmap1_6 (AutoDXT, 2048X2048)
[2020.03.25-14.26.16:300][  0]LogTexture: Display: Building textures: HQ_Lightmap1_4 (AutoDXT, 2048X2048)
[2020.03.25-14.26.16:300][  0]LogTexture: Display: Building textures: LQ_Lightmap_0_8 (DXT1, 2048X2048)
[2020.03.25-14.26.16:300][  0]LogTexture: Display: Building textures: LQ_Lightmap_0_9 (DXT1, 2048X2048)
[2020.03.25-14.26.16:300][  0]LogTexture: Display: Building textures: LQ_Lightmap_1_3 (DXT1, 2048X2048)
[2020.03.25-14.26.16:300][  0]LogTexture: Display: Building textures: LQ_Lightmap_1_4 (DXT1, 2048X2048)
[2020.03.25-14.26.16:300][  0]LogTexture: Display: Building textures: LQ_Lightmap_1_7 (DXT1, 2048X2048)
[2020.03.25-14.26.16:301][  0]LogTexture: Display: Building textures: SkyOcclusion0_8 (AutoDXT, 2048X1024)
[2020.03.25-14.26.16:301][  0]LogTexture: Display: Building textures: SkyOcclusion0_9 (AutoDXT, 2048X1024)
[2020.03.25-14.26.16:301][  0]LogTexture: Display: Building textures: SkyOcclusion1_1 (AutoDXT, 2048X1024)
[2020.03.25-14.26.16:301][  0]LogTexture: Display: Building textures: SkyOcclusion1_2 (AutoDXT, 2048X1024)
[2020.03.25-14.26.16:301][  0]LogTexture: Display: Building textures: SkyOcclusion1_3 (AutoDXT, 2048X1024)
[2020.03.25-14.26.16:301][  0]LogTexture: Display: Building textures: SkyOcclusion1_4 (AutoDXT, 2048X1024)
[2020.03.25-14.26.16:301][  0]LogTexture: Display: Building textures: SkyOcclusion1_5 (AutoDXT, 2048X1024)
[2020.03.25-14.26.16:301][  0]LogTexture: Display: Building textures: SkyOcclusion1_6 (AutoDXT, 2048X1024)
[2020.03.25-14.26.16:301][  0]LogTexture: Display: Building textures: ShadowMapTexture2D_81 (G8, 1024X1024)
[2020.03.25-14.26.16:301][  0]LogTexture: Display: Building textures: SkyOcclusion1_7 (AutoDXT, 2048X1024)
[2020.03.25-14.26.16:301][  0]LogTexture: Display: Building textures: ShadowMapTexture2D_84 (G8, 1024X1024)
[2020.03.25-14.26.16:301][  0]LogTexture: Display: Building textures: ShadowMapTexture2D_82 (G8, 1024X1024)
[2020.03.25-14.26.16:301][  0]LogTexture: Display: Building textures: ShadowMapTexture2D_85 (G8, 1024X1024)
[2020.03.25-14.26.16:301][  0]LogTexture: Display: Building textures: ShadowMapTexture2D_87 (G8, 1024X1024)
[2020.03.25-14.26.16:301][  0]LogTexture: Display: Building textures: ShadowMapTexture2D_88 (G8, 1024X1024)
[2020.03.25-14.26.16:301][  0]LogTexture: Display: Building textures: ShadowMapTexture2D_89 (G8, 1024X1024)
[2020.03.25-14.26.16:301][  0]LogTexture: Display: Building textures: ShadowMapTexture2D_90 (G8, 1024X1024)
[2020.03.25-14.26.16:301][  0]LogTexture: Display: Building textures: ShadowMapTexture2D_91 (G8, 1024X1024)
[2020.03.25-14.26.16:301][  0]LogTexture: Display: Building textures: ShadowMapTexture2D_95 (G8, 1024X1024)
[2020.03.25-14.26.16:301][  0]LogTexture: Display: Building textures: ShadowMapTexture2D_98 (G8, 512X64)
[2020.03.25-14.26.16:301][  0]LogTexture: Display: Building textures: ShadowMapTexture2D_96 (G8, 1024X1024)
[2020.03.25-14.26.16:301][  0]LogTexture: Display: Building textures: Soldier_Body_specular (AutoDXT, 1024X1024)
[2020.03.25-14.26.16:301][  0]LogTexture: Display: Building textures: T_762x39_M_MSK (AutoDXT, 256X256)
[2020.03.25-14.26.16:301][  0]LogTexture: Display: Building textures: Soldier_head_normal (BC5, 2048X2048)
[2020.03.25-14.26.16:301][  0]LogTexture: Display: Building textures: T_762x39_NRM (BC5, 256X256)
[2020.03.25-14.26.16:301][  0]LogTexture: Display: Building textures: T_762x39_ALB (AutoDXT, 256X256)
[2020.03.25-14.26.16:301][  0]LogTexture: Display: Building textures: Soldier_head_specular (AutoDXT, 1024X1024)
[2020.03.25-14.26.16:301][  0]LogTexture: Display: Building textures: Soldier_Body_diffuse (AutoDXT, 2048X2048)
[2020.03.25-14.26.16:301][  0]LogTexture: Display: Building textures: Soldier_Body_normal (BC5, 2048X2048)
[2020.03.25-14.26.16:301][  0]LogTexture: Display: Building textures: T_Stripes__Pattern (AutoDXT, 1024X1024)
[2020.03.25-14.26.16:301][  0]LogTexture: Display: Building textures: T_AR4_M_MSK (AutoDXT, 2048X2048)
[2020.03.25-14.26.16:301][  0]LogTexture: Display: Building textures: T_AR4_NRM (BC5, 2048X2048)
[2020.03.25-14.26.16:301][  0]LogTexture: Display: Building textures: T_KA74U_ALB (AutoDXT, 2048X2048)
[2020.03.25-14.26.16:301][  0]LogTexture: Display: Building textures: 0_6_smoke_re_vg (AutoDXT, 2048X2048)
[2020.03.25-14.26.16:301][  0]LogTexture: Display: Building textures: T_45ap_M_MSK (AutoDXT, 256X256)
[2020.03.25-14.26.16:301][  0]LogTexture: Display: Building textures: T_45ap_ALB (AutoDXT, 256X256)
[2020.03.25-14.26.16:301][  0]LogMaterial: Display: Missing cached shader map for material Soldier_head6, compiling. 
[2020.03.25-14.26.18:508][  0]LogShaderCompilers: Display: Worker (1/9): shaders left to compile 60
[2020.03.25-14.26.18:508][  0]LogShaderCompilers: Display: Worker (2/9): shaders left to compile 53
[2020.03.25-14.26.18:508][  0]LogShaderCompilers: Display: Worker (3/9): shaders left to compile 46
[2020.03.25-14.26.18:508][  0]LogShaderCompilers: Display: Worker (4/9): shaders left to compile 39
[2020.03.25-14.26.18:508][  0]LogShaderCompilers: Display: Worker (5/9): shaders left to compile 32
[2020.03.25-14.26.18:508][  0]LogShaderCompilers: Display: Worker (6/9): shaders left to compile 25
[2020.03.25-14.26.18:508][  0]LogShaderCompilers: Display: Worker (7/9): shaders left to compile 18
[2020.03.25-14.26.18:508][  0]LogShaderCompilers: Display: Worker (8/9): shaders left to compile 11
[2020.03.25-14.26.18:508][  0]LogShaderCompilers: Display: Worker (9/9): shaders left to compile 4
[2020.03.25-14.26.18:508][  0]LogSkeletalMesh: Building Skeletal Mesh SK_AR4...
[2020.03.25-14.26.18:568][  0]LogSkeletalMesh: Built Skeletal Mesh [0.06s] /Game/FPS_Weapon_Bundle/Weapons/Meshes/AR4/SK_AR4.SK_AR4
[2020.03.25-14.26.18:597][  0]LogAnimationCompression: Building Anim DDC data for AnimSequence /Game/FirstPerson/Animations/FP_Idle_Aligned.FP_Idle_Aligned
[2020.03.25-14.26.18:598][  0]LogAnimationCompression: Recompressing (AnimSequence /Game/FirstPerson/Animations/FP_Idle_Aligned.FP_Idle_Aligned) using current/default (AnimCompress_BitwiseCompressOnly_0) bFirstRecompressUsingCurrentOrDefault(1) bTryAlternateCompressor(0) IsCompressedDataValid(0)
[2020.03.25-14.26.18:599][  0]LogAnimationCompression: Building Anim DDC data for AnimSequence /Game/FirstPerson/Animations/FirstPerson_JumpStart_Aligned.FirstPerson_JumpStart_Aligned
[2020.03.25-14.26.18:599][  0]LogAnimationCompression: Recompressing (AnimSequence /Game/FirstPerson/Animations/FirstPerson_JumpStart_Aligned.FirstPerson_JumpStart_Aligned) using current/default (AnimCompress_BitwiseCompressOnly_0) bFirstRecompressUsingCurrentOrDefault(1) bTryAlternateCompressor(0) IsCompressedDataValid(0)
[2020.03.25-14.26.18:607][  0]LogAnimationCompression: Building Anim DDC data for AnimSequence /Game/FirstPerson/Animations/FirstPerson_JumpEnd_Aligned.FirstPerson_JumpEnd_Aligned
[2020.03.25-14.26.18:607][  0]LogAnimationCompression: Recompressing (AnimSequence /Game/FirstPerson/Animations/FirstPerson_JumpEnd_Aligned.FirstPerson_JumpEnd_Aligned) using current/default (AnimCompress_BitwiseCompressOnly_0) bFirstRecompressUsingCurrentOrDefault(1) bTryAlternateCompressor(0) IsCompressedDataValid(0)
[2020.03.25-14.26.18:627][  0]LogAnimationCompression: Building Anim DDC data for AnimSequence /Game/MixamoContent/Animations/Rifle_Idle.Rifle_Idle
[2020.03.25-14.26.18:627][  0]LogAnimationCompression: Recompressing (AnimSequence /Game/MixamoContent/Animations/Rifle_Idle.Rifle_Idle) using current/default (AnimCompress_BitwiseCompressOnly_0) bFirstRecompressUsingCurrentOrDefault(1) bTryAlternateCompressor(0) IsCompressedDataValid(0)
[2020.03.25-14.26.18:808][  0]LogAIModule: Creating AISystem for world FirstPersonArena
[2020.03.25-14.26.18:852][  0]LogEditorServer: Finished looking for orphan Actors (0.000 secs)
[2020.03.25-14.26.18:893][  0]LogUObjectHash: Compacting FUObjectHashTables data took   4.06ms
[2020.03.25-14.26.18:893][  0]Cmd: MAP CHECKDEP NOCLEARLOG
[2020.03.25-14.26.18:893][  0]MapCheck: Map check complete: 0 Error(s), 0 Warning(s), took 0.23ms to complete.
[2020.03.25-14.26.18:893][  0]LogFileHelpers: Loading map 'FirstPersonArena' took 8.096
[2020.03.25-14.26.19:116][  0]LogSlate: Updating window title bar state: overlay mode, drag disabled, window buttons hidden, title bar hidden
[2020.03.25-14.26.19:129][  0]LogSlate: Updating window title bar state: overlay mode, drag disabled, window buttons hidden, title bar hidden
[2020.03.25-14.26.19:143][  0]LogSlate: Updating window title bar state: overlay mode, drag disabled, window buttons hidden, title bar hidden
[2020.03.25-14.26.19:156][  0]LogSlate: Updating window title bar state: overlay mode, drag disabled, window buttons hidden, title bar hidden
[2020.03.25-14.26.19:183][  0]LogCollectionManager: Loaded 0 collections in 0.003895 seconds
[2020.03.25-14.26.19:209][  0]LogFileCache: Scanning file cache for directory 'C:/Users/Spencer/Documents/Unreal Projects/FPS_AdaptiveAI_SP/Saved/Collections/' took 0.00s
[2020.03.25-14.26.19:209][  0]LogFileCache: Scanning file cache for directory 'C:/Users/Spencer/Documents/Unreal Projects/FPS_AdaptiveAI_SP/Content/Developers/Spencer/Collections/' took 0.00s
[2020.03.25-14.26.19:209][  0]LogFileCache: Scanning file cache for directory 'C:/Users/Spencer/Documents/Unreal Projects/FPS_AdaptiveAI_SP/Content/Collections/' took 0.00s
[2020.03.25-14.26.19:209][  0]LogCollectionManager: Rebuilt the GUID cache for 0 collections in 0.000003 seconds
[2020.03.25-14.26.19:226][  0]LogContentBrowser: Native class hierarchy populated in 0.0148 seconds. Added 2863 classes and 680 folders.
[2020.03.25-14.26.19:245][  0]LogContentBrowser: Native class hierarchy updated for 'WidgetCarousel' in 0.0004 seconds. Added 0 classes and 0 folders.
[2020.03.25-14.26.19:301][  0]LogContentBrowser: Native class hierarchy updated for 'AddContentDialog' in 0.0004 seconds. Added 0 classes and 0 folders.
[2020.03.25-14.26.19:323][  0]LogContentBrowser: Native class hierarchy updated for 'SceneOutliner' in 0.0004 seconds. Added 1 classes and 2 folders.
[2020.03.25-14.26.19:408][  0]LogSlate: Took 0.011275 seconds to synchronously load lazily loaded font '../../../Engine/Content/Slate/Fonts/Roboto-Regular.ttf' (155K)
[2020.03.25-14.26.19:422][  0]LogSlate: Took 0.008296 seconds to synchronously load lazily loaded font '../../../Engine/Content/Slate/Fonts/Roboto-Bold.ttf' (160K)
[2020.03.25-14.26.19:442][  0]LogSlate: Took 0.009725 seconds to synchronously load lazily loaded font '../../../Engine/Content/Editor/Slate/Fonts/FontAwesome.ttf' (139K)
[2020.03.25-14.26.19:649][  0]LogRenderer: Reallocating scene render targets to support 3436x1728 Format 10 NumSamples 1 (Frame:1).
[2020.03.25-14.26.20:064][  0]LogContentBrowser: Native class hierarchy updated for 'HierarchicalLODOutliner' in 0.0003 seconds. Added 0 classes and 0 folders.
[2020.03.25-14.26.20:064][  0]LogLoad: (Engine Initialization) Total time: 23.93 seconds
[2020.03.25-14.26.20:064][  0]LogLoad: (Engine Initialization) Total Blueprint compile time: 0.00 seconds
[2020.03.25-14.26.20:139][  0]LogContentStreaming: Texture pool size now 1000 MB
[2020.03.25-14.26.21:293][ 17]LogAssetRegistry: Asset discovery search completed in 16.4509 seconds
[2020.03.25-14.26.21:296][ 17]LogCollectionManager: Rebuilt the object cache for 0 collections in 0.000004 seconds (found 0 objects)
[2020.03.25-14.26.21:296][ 17]LogCollectionManager: Fixed up redirectors for 0 collections in 0.000066 seconds (updated 0 objects)
[2020.03.25-14.26.27:047][ 26]LogFileCache: Retrieving MD5 hashes for directory 'C:/Users/Spencer/Documents/Unreal Projects/FPS_AdaptiveAI_SP/Content/' took 6.97s
[2020.03.25-14.32.42:023][351]LogSlate: FSceneViewport::OnFocusLost() reason 0
[2020.03.25-14.35.20:471][150]LogEditorSessionSummary: EditorSessionSummary sent report. Type=Shutdown, SessionId={1E65AEA0-47A7-7F09-CA7B-5DBA75F9000D}
[2020.03.25-14.38.28:681][ 56]LogSlate: Took 0.005089 seconds to synchronously load lazily loaded font '../../../Engine/Content/Slate/Fonts/Roboto-Light.ttf' (167K)
[2020.03.25-14.39.11:682][ 56]LogSlate: Window 'Pick Parent Class' being destroyed
[2020.03.25-14.39.57:844][456]LogAssetEditorManager: Opening Asset editor for Blueprint /Game/GameInstance/GameInstanceFPS.GameInstanceFPS
[2020.03.25-14.39.58:192][456]LogContentBrowser: Native class hierarchy updated for 'BlueprintGraph' in 0.0005 seconds. Added 121 classes and 0 folders.
[2020.03.25-14.39.59:060][456]LogSlate: Took 0.005331 seconds to synchronously load lazily loaded font '../../../Engine/Content/Slate/Fonts/Roboto-BoldCondensed.ttf' (158K)
[2020.03.25-14.40.02:048][811]LogSlate: Window 'GameInstanceFPS' being destroyed
[2020.03.25-14.40.27:294][832]LogSlate: Took 0.005101 seconds to synchronously load lazily loaded font '../../../Engine/Content/Slate/Fonts/Roboto-BoldCondensedItalic.ttf' (160K)
[2020.03.25-14.41.39:378][524]BlueprintLog: New page: Compile GameInstanceFPS
[2020.03.25-14.41.39:423][524]LogUObjectHash: Compacting FUObjectHashTables data took   4.06ms
[2020.03.25-14.41.39:440][524]Cmd: OBJ SAVEPACKAGE PACKAGE="/Game/GameInstance/GameInstanceFPS" FILE="../../../../../../Users/Spencer/Documents/Unreal Projects/FPS_AdaptiveAI_SP/Content/GameInstance/GameInstanceFPS.uasset" SILENT=true
[2020.03.25-14.41.39:452][524]LogSavePackage: Moving '../../../../../../Users/Spencer/Documents/Unreal Projects/FPS_AdaptiveAI_SP/Saved/GameInstanceFPS3A9A50BC4AA1382D7D93F9A96885619B.tmp' to '../../../../../../Users/Spencer/Documents/Unreal Projects/FPS_AdaptiveAI_SP/Content/GameInstance/GameInstanceFPS.uasset'
[2020.03.25-14.41.40:161][605]Cmd: OBJ SAVEPACKAGE PACKAGE="/Game/GameInstance/GameInstanceFPS" FILE="../../../../../../Users/Spencer/Documents/Unreal Projects/FPS_AdaptiveAI_SP/Content/GameInstance/GameInstanceFPS.uasset" SILENT=true
[2020.03.25-14.41.40:189][605]LogSavePackage: Moving '../../../../../../Users/Spencer/Documents/Unreal Projects/FPS_AdaptiveAI_SP/Saved/GameInstanceFPSECB714FE4AD99355B93156AE1518FA0A.tmp' to '../../../../../../Users/Spencer/Documents/Unreal Projects/FPS_AdaptiveAI_SP/Content/GameInstance/GameInstanceFPS.uasset'
[2020.03.25-14.42.07:322][738]LogSlate: Only BGRA pngs, bmps or icos are supported in by External Image Picker
[2020.03.25-14.42.26:790][ 92]LogSlate: Prevented a slow task dialog from being summoned while a context menu was open
[2020.03.25-14.43.49:091][ 47]LogAssetEditorManager: Opening Asset editor for Blueprint /Game/FirstPersonCharacter/Blueprints/FirstPersonCharacter.FirstPersonCharacter
[2020.03.25-14.43.49:688][ 48]LogSlate: Took 0.005148 seconds to synchronously load lazily loaded font '../../../Engine/Content/Slate/Fonts/Roboto-Italic.ttf' (157K)
[2020.03.25-14.44.13:428][296]LogWorld: UWorld::CleanupWorld for World_7, bSessionEnded=true, bCleanupResources=true
[2020.03.25-14.44.26:680][872]LogAssetEditorManager: Opening Asset editor for Blueprint /Game/FirstPersonCharacter/Blueprints/FirstPersonHUD.FirstPersonHUD
[2020.03.25-14.44.37:099][ 75]LogWorld: UWorld::CleanupWorld for World_8, bSessionEnded=true, bCleanupResources=true
[2020.03.25-14.44.42:170][556]LogAssetEditorManager: Opening Asset editor for Blueprint /Game/FirstPersonCharacter/Blueprints/FPSController.FPSController
[2020.03.25-14.44.50:991][371]LogWorld: UWorld::CleanupWorld for World_9, bSessionEnded=true, bCleanupResources=true
[2020.03.25-14.45.10:429][530]LogAssetEditorManager: Opening Asset editor for WidgetBlueprint /Game/FirstPersonCharacter/Blueprints/UI_HealthBar.UI_HealthBar
[2020.03.25-14.45.31:263][200]LogWorld: UWorld::CleanupWorld for World_11, bSessionEnded=true, bCleanupResources=true
[2020.03.25-14.45.31:296][200]LogWorld: UWorld::CleanupWorld for World_10, bSessionEnded=true, bCleanupResources=true
[2020.03.25-14.45.45:333][872]LogAssetEditorManager: Opening Asset editor for Blueprint /Game/FirstPersonCharacter/Blueprints/FirstPersonCharacter.FirstPersonCharacter
[2020.03.25-14.45.59:076][222]LogWorld: UWorld::CleanupWorld for World_12, bSessionEnded=true, bCleanupResources=true
[2020.03.25-14.46.13:424][928]LogAssetEditorManager: Opening Asset editor for Blueprint /Game/FirstPersonCharacter/Blueprints/Guns/Gun_Parent.Gun_Parent
[2020.03.25-14.52.54:253][147]LogUObjectHash: Compacting FUObjectHashTables data took   6.11ms
[2020.03.25-14.52.54:253][147]LogFileHelpers: Editor autosave (incl. sublevels) for '/Game/FirstPersonCharacter/Maps/FirstPersonArena' took 0.111
[2020.03.25-14.52.54:256][147]OBJ SavePackage: Generating thumbnails for [1] asset(s) in package [/Game/FirstPersonCharacter/Blueprints/Guns/Gun_Parent] ([1] browsable assets)...
[2020.03.25-14.52.54:269][147]OBJ SavePackage:     Rendered thumbnail for [Blueprint /Game/FirstPersonCharacter/Blueprints/Guns/Gun_Parent.Gun_Parent]
[2020.03.25-14.52.54:269][147]OBJ SavePackage: Finished generating thumbnails for package [/Game/FirstPersonCharacter/Blueprints/Guns/Gun_Parent]
[2020.03.25-14.52.54:358][147]LogSavePackage: Moving '../../../../../../Users/Spencer/Documents/Unreal Projects/FPS_AdaptiveAI_SP/Saved/Gun_Parent_Auto17873065545D4DCD12C4618BB300DEE9B.tmp' to '../../../../../../Users/Spencer/Documents/Unreal Projects/FPS_AdaptiveAI_SP/Saved/Autosaves/Game/FirstPersonCharacter/Blueprints/Guns/Gun_Parent_Auto1.uasset'
[2020.03.25-14.52.54:360][147]OBJ SavePackage: Generating thumbnails for [0] asset(s) in package [/Game/GameInstance/GameInstanceFPS] ([1] browsable assets)...
[2020.03.25-14.52.54:360][147]OBJ SavePackage: Finished generating thumbnails for package [/Game/GameInstance/GameInstanceFPS]
[2020.03.25-14.52.54:374][147]LogSavePackage: Moving '../../../../../../Users/Spencer/Documents/Unreal Projects/FPS_AdaptiveAI_SP/Saved/GameInstanceFPS_Auto157908AEE453B2C1CE1A233BDEBCE08C8.tmp' to '../../../../../../Users/Spencer/Documents/Unreal Projects/FPS_AdaptiveAI_SP/Saved/Autosaves/Game/GameInstance/GameInstanceFPS_Auto1.uasset'
[2020.03.25-14.52.54:375][147]LogFileHelpers: Auto-saving content packages took 0.121
[2020.03.25-14.59.29:162][378]BlueprintLog: New page: Compile GameInstanceFPS
[2020.03.25-14.59.29:242][378]LogUObjectHash: Compacting FUObjectHashTables data took   5.33ms
[2020.03.25-14.59.29:268][378]Cmd: OBJ SAVEPACKAGE PACKAGE="/Game/GameInstance/GameInstanceFPS" FILE="../../../../../../Users/Spencer/Documents/Unreal Projects/FPS_AdaptiveAI_SP/Content/GameInstance/GameInstanceFPS.uasset" SILENT=true
[2020.03.25-14.59.29:283][378]LogSavePackage: Moving '../../../../../../Users/Spencer/Documents/Unreal Projects/FPS_AdaptiveAI_SP/Saved/GameInstanceFPSF0A959554A31A7891F6E929BD16A9686.tmp' to '../../../../../../Users/Spencer/Documents/Unreal Projects/FPS_AdaptiveAI_SP/Content/GameInstance/GameInstanceFPS.uasset'
[2020.03.25-14.59.29:774][433]Cmd: OBJ SAVEPACKAGE PACKAGE="/Game/GameInstance/GameInstanceFPS" FILE="../../../../../../Users/Spencer/Documents/Unreal Projects/FPS_AdaptiveAI_SP/Content/GameInstance/GameInstanceFPS.uasset" SILENT=true
[2020.03.25-14.59.29:787][433]LogSavePackage: Moving '../../../../../../Users/Spencer/Documents/Unreal Projects/FPS_AdaptiveAI_SP/Saved/GameInstanceFPS048CA92448CF28DB072DDC9A87D75414.tmp' to '../../../../../../Users/Spencer/Documents/Unreal Projects/FPS_AdaptiveAI_SP/Content/GameInstance/GameInstanceFPS.uasset'
[2020.03.25-14.59.31:325][610]BlueprintLog: New page: Compile Gun_Parent
[2020.03.25-14.59.31:344][610]LogBlueprint: Error: [Compiler Gun_Parent] This blueprint (self) is not a GameInstanceFPS_C, therefore ' Target ' must have a connection.
[2020.03.25-14.59.31:344][610]LogBlueprint: Error: [Compiler Gun_Parent] This blueprint (self) is not a GameInstanceFPS_C, therefore ' Target ' must have a connection.
[2020.03.25-14.59.31:346][610]LogBlueprint: Error: [Compiler Gun_Parent] Variable node  Get ShotsFired  uses an invalid target.  It may depend on a node that is not connected to the execution chain, and got purged.
[2020.03.25-14.59.31:346][610]LogBlueprint: Error: [Compiler Gun_Parent] Variable node  Set ShotsFired  uses an invalid target.  It may depend on a node that is not connected to the execution chain, and got purged.
[2020.03.25-14.59.31:628][610]LogUObjectHash: Compacting FUObjectHashTables data took   4.64ms
[2020.03.25-14.59.32:069][639]LogSavePackage: Moving '../../../../../../Users/Spencer/Documents/Unreal Projects/FPS_AdaptiveAI_SP/Saved/Gun_ParentFF12B903416CC815D14898B72AB4448E.tmp' to '../../../../../../Users/Spencer/Documents/Unreal Projects/FPS_AdaptiveAI_SP/Content/FirstPersonCharacter/Blueprints/Guns/Gun_Parent.uasset'
[2020.03.25-15.00.15:204][311]BlueprintLog: New page: Compile Gun_Parent
[2020.03.25-15.00.15:498][311]LogUObjectHash: Compacting FUObjectHashTables data took   5.11ms
[2020.03.25-15.00.15:626][311]LogSavePackage: Moving '../../../../../../Users/Spencer/Documents/Unreal Projects/FPS_AdaptiveAI_SP/Saved/Gun_ParentF60DB7574448CCE23E28E8B79955DC39.tmp' to '../../../../../../Users/Spencer/Documents/Unreal Projects/FPS_AdaptiveAI_SP/Content/FirstPersonCharacter/Blueprints/Guns/Gun_Parent.uasset'
[2020.03.25-15.03.30:177][404]BlueprintLog: New page: Compile Gun_Parent
[2020.03.25-15.03.30:472][404]LogUObjectHash: Compacting FUObjectHashTables data took   4.89ms
[2020.03.25-15.03.30:605][404]LogSavePackage: Moving '../../../../../../Users/Spencer/Documents/Unreal Projects/FPS_AdaptiveAI_SP/Saved/Gun_Parent7D1D55794FA9020529DC01B84583817C.tmp' to '../../../../../../Users/Spencer/Documents/Unreal Projects/FPS_AdaptiveAI_SP/Content/FirstPersonCharacter/Blueprints/Guns/Gun_Parent.uasset'
[2020.03.25-15.03.30:911][422]LogSavePackage: Moving '../../../../../../Users/Spencer/Documents/Unreal Projects/FPS_AdaptiveAI_SP/Saved/Gun_Parent5D26B488403523FD51D575A74692C9CE.tmp' to '../../../../../../Users/Spencer/Documents/Unreal Projects/FPS_AdaptiveAI_SP/Content/FirstPersonCharacter/Blueprints/Guns/Gun_Parent.uasset'
[2020.03.25-15.03.47:126][347]LogAssetEditorManager: Opening Asset editor for Blueprint /Game/AI_BP/AI/AICharacter.AICharacter
[2020.03.25-15.04.33:839][898]LogUObjectHash: Compacting FUObjectHashTables data took   4.61ms
[2020.03.25-15.04.34:161][898]LogSavePackage: Moving '../../../../../../Users/Spencer/Documents/Unreal Projects/FPS_AdaptiveAI_SP/Saved/FirstPersonArena_Auto2EB4B0D354F513E89FAA2AD905A2AF6DF.tmp' to '../../../../../../Users/Spencer/Documents/Unreal Projects/FPS_AdaptiveAI_SP/Saved/Autosaves/Game/FirstPersonCharacter/Maps/FirstPersonArena_Auto2.umap'
[2020.03.25-15.04.34:165][898]LogFileHelpers: Editor autosave (incl. sublevels) for '/Game/FirstPersonCharacter/Maps/FirstPersonArena' took 0.369
[2020.03.25-15.04.34:165][898]LogFileHelpers: Editor autosave (incl. sublevels) for all levels took 0.369
[2020.03.25-15.04.34:166][898]OBJ SavePackage: Generating thumbnails for [1] asset(s) in package [/Game/AI_BP/AI/AICharacter] ([1] browsable assets)...
[2020.03.25-15.04.34:178][898]OBJ SavePackage:     Rendered thumbnail for [Blueprint /Game/AI_BP/AI/AICharacter.AICharacter]
[2020.03.25-15.04.34:178][898]OBJ SavePackage: Finished generating thumbnails for package [/Game/AI_BP/AI/AICharacter]
[2020.03.25-15.04.34:238][898]LogSavePackage: Moving '../../../../../../Users/Spencer/Documents/Unreal Projects/FPS_AdaptiveAI_SP/Saved/AICharacter_Auto23764AE27481BDB51C2F8D8AA355180D0.tmp' to '../../../../../../Users/Spencer/Documents/Unreal Projects/FPS_AdaptiveAI_SP/Saved/Autosaves/Game/AI_BP/AI/AICharacter_Auto2.uasset'
[2020.03.25-15.04.34:240][898]LogFileHelpers: Auto-saving content packages took 0.074
[2020.03.25-15.06.18:143][688]BlueprintLog: New page: Compile AICharacter
[2020.03.25-15.06.18:438][688]LogUObjectHash: Compacting FUObjectHashTables data took   4.04ms
[2020.03.25-15.06.18:491][688]Cmd: OBJ SAVEPACKAGE PACKAGE="/Game/AI_BP/AI/AICharacter" FILE="../../../../../../Users/Spencer/Documents/Unreal Projects/FPS_AdaptiveAI_SP/Content/AI_BP/AI/AICharacter.uasset" SILENT=true
[2020.03.25-15.06.18:554][688]LogSavePackage: Moving '../../../../../../Users/Spencer/Documents/Unreal Projects/FPS_AdaptiveAI_SP/Saved/AICharacter61F568F146C98A0DD53B7C91178E8DAB.tmp' to '../../../../../../Users/Spencer/Documents/Unreal Projects/FPS_AdaptiveAI_SP/Content/AI_BP/AI/AICharacter.uasset'
[2020.03.25-15.07.34:809][686]BlueprintLog: New page: Compile GameInstanceFPS
[2020.03.25-15.07.34:871][686]LogUObjectHash: Compacting FUObjectHashTables data took   4.77ms
[2020.03.25-15.07.34:913][686]Cmd: OBJ SAVEPACKAGE PACKAGE="/Game/GameInstance/GameInstanceFPS" FILE="../../../../../../Users/Spencer/Documents/Unreal Projects/FPS_AdaptiveAI_SP/Content/GameInstance/GameInstanceFPS.uasset" SILENT=true
[2020.03.25-15.07.34:932][686]LogSavePackage: Moving '../../../../../../Users/Spencer/Documents/Unreal Projects/FPS_AdaptiveAI_SP/Saved/GameInstanceFPSAF361DD24145B7A2AF490EB0096F0DC0.tmp' to '../../../../../../Users/Spencer/Documents/Unreal Projects/FPS_AdaptiveAI_SP/Content/GameInstance/GameInstanceFPS.uasset'
[2020.03.25-15.08.01:073][366]BlueprintLog: New page: Compile AICharacter
[2020.03.25-15.08.01:373][366]LogUObjectHash: Compacting FUObjectHashTables data took   4.91ms
[2020.03.25-15.08.01:425][366]Cmd: OBJ SAVEPACKAGE PACKAGE="/Game/AI_BP/AI/AICharacter" FILE="../../../../../../Users/Spencer/Documents/Unreal Projects/FPS_AdaptiveAI_SP/Content/AI_BP/AI/AICharacter.uasset" SILENT=true
[2020.03.25-15.08.01:485][366]LogSavePackage: Moving '../../../../../../Users/Spencer/Documents/Unreal Projects/FPS_AdaptiveAI_SP/Saved/AICharacterF73EC07F4021C5018CC3A29E87318331.tmp' to '../../../../../../Users/Spencer/Documents/Unreal Projects/FPS_AdaptiveAI_SP/Content/AI_BP/AI/AICharacter.uasset'
[2020.03.25-15.08.30:907][871]LogAssetEditorManager: Opening Asset editor for Blueprint /Game/FirstPersonCharacter/Blueprints/FirstPersonCharacter.FirstPersonCharacter
[2020.03.25-15.11.40:024][441]BlueprintLog: New page: Compile FirstPersonCharacter
[2020.03.25-15.11.40:050][441]LogBlueprint: Error: [Compiler FirstPersonCharacter] This blueprint (self) is not a GameInstanceFPS_C, therefore ' Target ' must have a connection.
[2020.03.25-15.11.40:050][441]LogBlueprint: Error: [Compiler FirstPersonCharacter] This blueprint (self) is not a GameInstanceFPS_C, therefore ' Target ' must have a connection.
[2020.03.25-15.11.40:050][441]LogBlueprint: Error: [Compiler FirstPersonCharacter] This blueprint (self) is not a GameInstanceFPS_C, therefore ' Target ' must have a connection.
[2020.03.25-15.11.40:051][441]LogBlueprint: Error: [Compiler FirstPersonCharacter] Variable node  Get ShotsHit  uses an invalid target.  It may depend on a node that is not connected to the execution chain, and got purged.
[2020.03.25-15.11.40:051][441]LogBlueprint: Error: [Compiler FirstPersonCharacter] Variable node  Get ShotsFired  uses an invalid target.  It may depend on a node that is not connected to the execution chain, and got purged.
[2020.03.25-15.11.40:051][441]LogBlueprint: Error: [Compiler FirstPersonCharacter] Variable node  Set ShootingAccuracy  uses an invalid target.  It may depend on a node that is not connected to the execution chain, and got purged.
[2020.03.25-15.11.40:338][441]LogUObjectHash: Compacting FUObjectHashTables data took   4.83ms
[2020.03.25-15.12.00:362][830]BlueprintLog: New page: Compile FirstPersonCharacter
[2020.03.25-15.12.00:662][830]LogUObjectHash: Compacting FUObjectHashTables data took   4.82ms
[2020.03.25-15.12.00:764][830]LogSavePackage: Moving '../../../../../../Users/Spencer/Documents/Unreal Projects/FPS_AdaptiveAI_SP/Saved/FirstPersonCharacter72402D8F41620736C46A83896546E752.tmp' to '../../../../../../Users/Spencer/Documents/Unreal Projects/FPS_AdaptiveAI_SP/Content/FirstPersonCharacter/Blueprints/FirstPersonCharacter.uasset'
[2020.03.25-15.12.01:060][852]LogSavePackage: Moving '../../../../../../Users/Spencer/Documents/Unreal Projects/FPS_AdaptiveAI_SP/Saved/FirstPersonCharacterB00751744226D508517E059FDF045560.tmp' to '../../../../../../Users/Spencer/Documents/Unreal Projects/FPS_AdaptiveAI_SP/Content/FirstPersonCharacter/Blueprints/FirstPersonCharacter.uasset'
[2020.03.25-15.12.37:857][430]BlueprintLog: New page: Compile FirstPersonCharacter
[2020.03.25-15.12.38:154][430]LogUObjectHash: Compacting FUObjectHashTables data took   4.86ms
[2020.03.25-15.12.38:250][430]LogSavePackage: Moving '../../../../../../Users/Spencer/Documents/Unreal Projects/FPS_AdaptiveAI_SP/Saved/FirstPersonCharacter531A447D4A05D54A060F2696164BA4CC.tmp' to '../../../../../../Users/Spencer/Documents/Unreal Projects/FPS_AdaptiveAI_SP/Content/FirstPersonCharacter/Blueprints/FirstPersonCharacter.uasset'
[2020.03.25-15.12.38:720][473]LogSavePackage: Moving '../../../../../../Users/Spencer/Documents/Unreal Projects/FPS_AdaptiveAI_SP/Saved/FirstPersonCharacterD47D362145B63AC3CC88568E1D09E14C.tmp' to '../../../../../../Users/Spencer/Documents/Unreal Projects/FPS_AdaptiveAI_SP/Content/FirstPersonCharacter/Blueprints/FirstPersonCharacter.uasset'
